e:\git\directxengine\x64\intermediate\vc143.pdb
e:\git\directxengine\x64\intermediate\vc143.idb
e:\git\directxengine\x64\intermediate\imgui_impl_win32.obj
e:\git\directxengine\x64\intermediate\imgui_impl_dx11.obj
e:\git\directxengine\x64\intermediate\imgui_draw.obj
e:\git\directxengine\x64\intermediate\imgui_demo.obj
e:\git\directxengine\x64\intermediate\imgui.obj
e:\git\directxengine\x64\intermediate\terraingenerator.obj
e:\git\directxengine\x64\intermediate\model.obj
e:\git\directxengine\x64\intermediate\mesh.obj
e:\git\directxengine\x64\intermediate\material.obj
e:\git\directxengine\x64\intermediate\graphics.obj
e:\git\directxengine\x64\intermediate\directionallight.obj
e:\git\directxengine\x64\intermediate\camera.obj
e:\git\directxengine\x64\intermediate\adapterreader.obj
e:\git\directxengine\x64\intermediate\errorlog.obj
e:\git\directxengine\x64\intermediate\modelcomponent.obj
e:\git\directxengine\x64\intermediate\engine.obj
e:\git\directxengine\x64\intermediate\windowcontainer.obj
e:\git\directxengine\x64\intermediate\timer.obj
e:\git\directxengine\x64\intermediate\stringconverter.obj
e:\git\directxengine\x64\intermediate\shaders.obj
e:\git\directxengine\x64\intermediate\renderwindow.obj
e:\git\directxengine\x64\intermediate\main.obj
e:\git\directxengine\x64\intermediate\inputhandler.obj
e:\git\directxengine\x64\intermediate\imgui_widgets.obj
e:\git\directxengine\x64\intermediate\imgui_tables.obj
e:\git\directxengine\x64\intermediate\materialmanager.obj
e:\git\directxengine\x64\intermediate\gameobject.obj
e:\git\directxengine\x64\intermediate\transformcomponent.obj
e:\git\directxengine\x64\intermediate\materialcomponent.obj
e:\git\directxengine\x64\intermediate\component.obj
e:\git\directxengine\bin\xapobaseredist.pdb
e:\git\directxengine\bin\xaudio2_9redist.pdb
e:\git\directxengine\bin\xaudio2_9redist.dll
e:\git\directxengine\bin\assimp-vc143-mtd.dll
e:\git\directxengine\bin\zlibd1.dll
e:\git\directxengine\bin\pugixml.dll
e:\git\directxengine\bin\funkypixelshader.cso
e:\git\directxengine\bin\linepixelshader.cso
e:\git\directxengine\bin\linevertexshader.cso
e:\git\directxengine\bin\pbrpixelshader.cso
e:\git\directxengine\bin\pbrvertexshader.cso
e:\git\directxengine\bin\standardpixelshader.cso
e:\git\directxengine\bin\standardvertexshader.cso
e:\git\directxengine\bin\terrainpixelshader.cso
e:\git\directxengine\bin\terrainvertexshader.cso
e:\git\directxengine\bin\engine++-debug.exe
e:\git\directxengine\x64\intermediate\engine++-debug.ilk
e:\git\directxengine\bin\engine++-debug.pdb
e:\git\directxengine\x64\intermediate\engine++.vcxproj.filelistabsolute.txt
e:\git\directxengine\x64\intermediate\engine++.tlog\cl.command.1.tlog
e:\git\directxengine\x64\intermediate\engine++.tlog\cl.read.1.tlog
e:\git\directxengine\x64\intermediate\engine++.tlog\cl.write.1.tlog
e:\git\directxengine\x64\intermediate\engine++.tlog\copylocal.read.1u.tlog
e:\git\directxengine\x64\intermediate\engine++.tlog\copylocal.write.1u.tlog
e:\git\directxengine\x64\intermediate\engine++.tlog\engine++.write.1u.tlog
e:\git\directxengine\x64\intermediate\engine++.tlog\fxc.command.1.tlog
e:\git\directxengine\x64\intermediate\engine++.tlog\fxc.read.1.tlog
e:\git\directxengine\x64\intermediate\engine++.tlog\fxc.write.1.tlog
e:\git\directxengine\x64\intermediate\engine++.tlog\link.command.1.tlog
e:\git\directxengine\x64\intermediate\engine++.tlog\link.read.1.tlog
e:\git\directxengine\x64\intermediate\engine++.tlog\link.write.1.tlog
