e:\git\directxengine\x64\output\vertexshader.cso
e:\git\directxengine\x64\intermediate\engine++.vcxproj.cppwinrt_comp.cache
e:\git\directxengine\x64\intermediate\engine++.vcxproj.cppwinrt_plat.cache
e:\git\directxengine\x64\intermediate\engine++.vcxproj.mdmergeinputs.cache
e:\git\directxengine\x64\intermediate\adapterreader.obj
e:\git\directxengine\x64\intermediate\engine.obj
e:\git\directxengine\x64\intermediate\errorlog.obj
e:\git\directxengine\x64\intermediate\graphics.obj
e:\git\directxengine\x64\intermediate\inputhandler.obj
e:\git\directxengine\x64\intermediate\keyboardevent.obj
e:\git\directxengine\x64\intermediate\keyboardinput.obj
e:\git\directxengine\x64\intermediate\main.obj
e:\git\directxengine\x64\intermediate\mouseevent.obj
e:\git\directxengine\x64\intermediate\mouseinput.obj
e:\git\directxengine\x64\intermediate\renderwindow.obj
e:\git\directxengine\x64\intermediate\stringconverter.obj
e:\git\directxengine\x64\intermediate\windowcontainer.obj
e:\git\directxengine\x64\intermediate\engine++.vcxproj.cppwinrt_comp.rsp
e:\git\directxengine\x64\intermediate\engine++.vcxproj.cppwinrt_plat.rsp
e:\git\directxengine\x64\intermediate\engine++.vcxproj.mdmerge.rsp
e:\git\directxengine\x64\intermediate\engine++.vcxproj.midlrt.rsp
e:\git\directxengine\x64\intermediate\vc143.idb
e:\git\directxengine\x64\intermediate\vc143.pdb
e:\git\directxengine\x64\intermediate\engine++.vcxproj.filelistabsolute.txt
e:\git\directxengine\x64\intermediate\engine++.tlog\cl.command.1.tlog
e:\git\directxengine\x64\intermediate\engine++.tlog\fxc.command.1.tlog
e:\git\directxengine\x64\intermediate\engine++.tlog\fxc.read.1.tlog
e:\git\directxengine\x64\intermediate\engine++.tlog\fxc.write.1.tlog
